# JRE version: Java(TM) SE Runtime Environment (8.0_121-b13) (build 1.8.0_121-b13)
# Java VM: Java HotSpot(TM) 64-Bit Server VM (25.121-b13 mixed mode bsd-amd64 compressed oops)
Heap:
 PSYoungGen      total 646656K, used 180735K [0x000000076ab00000, 0x00000007aff00000, 0x00000007c0000000)
  eden space 180736K, 99% used [0x000000076ab00000,0x0000000775b7fff0,0x0000000775b80000)
  from space 465920K, 0% used [0x0000000775b80000,0x0000000775b80000,0x0000000792280000)
  to   space 465920K, 0% used [0x0000000793800000,0x0000000793800000,0x00000007aff00000)
 ParOldGen       total 2796544K, used 2796543K [0x00000006c0000000, 0x000000076ab00000, 0x000000076ab00000)
  object space 2796544K, 99% used [0x00000006c0000000,0x000000076aaffff8,0x000000076ab00000)
 Metaspace       used 4081K, capacity 4736K, committed 4864K, reserved 1056768K
  class space    used 448K, capacity 496K, committed 512K, reserved 1048576K
GC Heap History (10 events):
Event: 1624.543 GC heap before
{Heap before GC invocations=204 (full 183):
 PSYoungGen      total 646656K, used 180735K [0x000000076ab00000, 0x00000007aff00000, 0x00000007c0000000)
  eden space 180736K, 99% used [0x000000076ab00000,0x0000000775b7fff0,0x0000000775b80000)
  from space 465920K, 0% used [0x0000000775b80000,0x0000000775b80000,0x0000000792280000)
  to   space 465920K, 0% used [0x0000000793800000,0x0000000793800000,0x00000007aff00000)
 ParOldGen       total 2796544K, used 2796543K [0x00000006c0000000, 0x000000076ab00000, 0x000000076ab00000)
  object space 2796544K, 99% used [0x00000006c0000000,0x000000076aaffff0,0x000000076ab00000)
 Metaspace       used 4080K, capacity 4736K, committed 4864K, reserved 1056768K
  class space    used 448K, capacity 496K, committed 512K, reserved 1048576K
Event: 1638.664 GC heap after
Heap after GC invocations=204 (full 183):
 PSYoungGen      total 646656K, used 180735K [0x000000076ab00000, 0x00000007aff00000, 0x00000007c0000000)
  eden space 180736K, 99% used [0x000000076ab00000,0x0000000775b7fff0,0x0000000775b80000)
  from space 465920K, 0% used [0x0000000775b80000,0x0000000775b80000,0x0000000792280000)
  to   space 465920K, 0% used [0x0000000793800000,0x0000000793800000,0x00000007aff00000)
 ParOldGen       total 2796544K, used 2796543K [0x00000006c0000000, 0x000000076ab00000, 0x000000076ab00000)
  object space 2796544K, 99% used [0x00000006c0000000,0x000000076aafff20,0x000000076ab00000)
 Metaspace       used 4080K, capacity 4736K, committed 4864K, reserved 1056768K
  class space    used 448K, capacity 496K, committed 512K, reserved 1048576K
}
Event: 1638.664 GC heap before
{Heap before GC invocations=205 (full 184):
 PSYoungGen      total 646656K, used 180735K [0x000000076ab00000, 0x00000007aff00000, 0x00000007c0000000)
  eden space 180736K, 99% used [0x000000076ab00000,0x0000000775b7fff0,0x0000000775b80000)
  from space 465920K, 0% used [0x0000000775b80000,0x0000000775b80000,0x0000000792280000)
  to   space 465920K, 0% used [0x0000000793800000,0x0000000793800000,0x00000007aff00000)
 ParOldGen       total 2796544K, used 2796543K [0x00000006c0000000, 0x000000076ab00000, 0x000000076ab00000)
  object space 2796544K, 99% used [0x00000006c0000000,0x000000076aaffff8,0x000000076ab00000)
 Metaspace       used 4080K, capacity 4736K, committed 4864K, reserved 1056768K
  class space    used 448K, capacity 496K, committed 512K, reserved 1048576K
Event: 1646.790 GC heap after
Heap after GC invocations=205 (full 184):
 PSYoungGen      total 646656K, used 180735K [0x000000076ab00000, 0x00000007aff00000, 0x00000007c0000000)
  eden space 180736K, 99% used [0x000000076ab00000,0x0000000775b7fff0,0x0000000775b80000)
  from space 465920K, 0% used [0x0000000775b80000,0x0000000775b80000,0x0000000792280000)
  to   space 465920K, 0% used [0x0000000793800000,0x0000000793800000,0x00000007aff00000)
 ParOldGen       total 2796544K, used 2796543K [0x00000006c0000000, 0x000000076ab00000, 0x000000076ab00000)
  object space 2796544K, 99% used [0x00000006c0000000,0x000000076aaffff8,0x000000076ab00000)
 Metaspace       used 4080K, capacity 4736K, committed 4864K, reserved 1056768K
  class space    used 448K, capacity 496K, committed 512K, reserved 1048576K
}
Event: 1646.790 GC heap before
{Heap before GC invocations=206 (full 185):
 PSYoungGen      total 646656K, used 180735K [0x000000076ab00000, 0x00000007aff00000, 0x00000007c0000000)
  eden space 180736K, 99% used [0x000000076ab00000,0x0000000775b7fff0,0x0000000775b80000)
  from space 465920K, 0% used [0x0000000775b80000,0x0000000775b80000,0x0000000792280000)
  to   space 465920K, 0% used [0x0000000793800000,0x0000000793800000,0x00000007aff00000)
 ParOldGen       total 2796544K, used 2796543K [0x00000006c0000000, 0x000000076ab00000, 0x000000076ab00000)
  object space 2796544K, 99% used [0x00000006c0000000,0x000000076aaffff8,0x000000076ab00000)
 Metaspace       used 4080K, capacity 4736K, committed 4864K, reserved 1056768K
  class space    used 448K, capacity 496K, committed 512K, reserved 1048576K
Event: 1655.372 GC heap after
Heap after GC invocations=206 (full 185):
 PSYoungGen      total 646656K, used 180735K [0x000000076ab00000, 0x00000007aff00000, 0x00000007c0000000)
  eden space 180736K, 99% used [0x000000076ab00000,0x0000000775b7fff0,0x0000000775b80000)
  from space 465920K, 0% used [0x0000000775b80000,0x0000000775b80000,0x0000000792280000)
  to   space 465920K, 0% used [0x0000000793800000,0x0000000793800000,0x00000007aff00000)
 ParOldGen       total 2796544K, used 2796543K [0x00000006c0000000, 0x000000076ab00000, 0x000000076ab00000)
  object space 2796544K, 99% used [0x00000006c0000000,0x000000076aaffff8,0x000000076ab00000)
 Metaspace       used 4080K, capacity 4736K, committed 4864K, reserved 1056768K
  class space    used 448K, capacity 496K, committed 512K, reserved 1048576K
}
Event: 1655.372 GC heap before
{Heap before GC invocations=207 (full 186):
 PSYoungGen      total 646656K, used 180735K [0x000000076ab00000, 0x00000007aff00000, 0x00000007c0000000)
  eden space 180736K, 99% used [0x000000076ab00000,0x0000000775b7fff0,0x0000000775b80000)
  from space 465920K, 0% used [0x0000000775b80000,0x0000000775b80000,0x0000000792280000)
  to   space 465920K, 0% used [0x0000000793800000,0x0000000793800000,0x00000007aff00000)
 ParOldGen       total 2796544K, used 2796543K [0x00000006c0000000, 0x000000076ab00000, 0x000000076ab00000)
  object space 2796544K, 99% used [0x00000006c0000000,0x000000076aaffff8,0x000000076ab00000)
 Metaspace       used 4080K, capacity 4736K, committed 4864K, reserved 1056768K
  class space    used 448K, capacity 496K, committed 512K, reserved 1048576K
Event: 1663.834 GC heap after
Heap after GC invocations=207 (full 186):
 PSYoungGen      total 646656K, used 180735K [0x000000076ab00000, 0x00000007aff00000, 0x00000007c0000000)
  eden space 180736K, 99% used [0x000000076ab00000,0x0000000775b7fff0,0x0000000775b80000)
  from space 465920K, 0% used [0x0000000775b80000,0x0000000775b80000,0x0000000792280000)
  to   space 465920K, 0% used [0x0000000793800000,0x0000000793800000,0x00000007aff00000)
 ParOldGen       total 2796544K, used 2796543K [0x00000006c0000000, 0x000000076ab00000, 0x000000076ab00000)
  object space 2796544K, 99% used [0x00000006c0000000,0x000000076aaffff8,0x000000076ab00000)
 Metaspace       used 4080K, capacity 4736K, committed 4864K, reserved 1056768K
  class space    used 448K, capacity 496K, committed 512K, reserved 1048576K
}
Event: 1663.834 GC heap before
{Heap before GC invocations=208 (full 187):
 PSYoungGen      total 646656K, used 180735K [0x000000076ab00000, 0x00000007aff00000, 0x00000007c0000000)
  eden space 180736K, 99% used [0x000000076ab00000,0x0000000775b7fff0,0x0000000775b80000)
  from space 465920K, 0% used [0x0000000775b80000,0x0000000775b80000,0x0000000792280000)
  to   space 465920K, 0% used [0x0000000793800000,0x0000000793800000,0x00000007aff00000)
 ParOldGen       total 2796544K, used 2796543K [0x00000006c0000000, 0x000000076ab00000, 0x000000076ab00000)
  object space 2796544K, 99% used [0x00000006c0000000,0x000000076aaffff8,0x000000076ab00000)
 Metaspace       used 4080K, capacity 4736K, committed 4864K, reserved 1056768K
  class space    used 448K, capacity 496K, committed 512K, reserved 1048576K
Event: 1672.368 GC heap after
Heap after GC invocations=208 (full 187):
 PSYoungGen      total 646656K, used 180735K [0x000000076ab00000, 0x00000007aff00000, 0x00000007c0000000)
  eden space 180736K, 99% used [0x000000076ab00000,0x0000000775b7fff0,0x0000000775b80000)
  from space 465920K, 0% used [0x0000000775b80000,0x0000000775b80000,0x0000000792280000)
  to   space 465920K, 0% used [0x0000000793800000,0x0000000793800000,0x00000007aff00000)
 ParOldGen       total 2796544K, used 2796543K [0x00000006c0000000, 0x000000076ab00000, 0x000000076ab00000)
  object space 2796544K, 99% used [0x00000006c0000000,0x000000076aaffff8,0x000000076ab00000)
 Metaspace       used 4080K, capacity 4736K, committed 4864K, reserved 1056768K
  class space    used 448K, capacity 496K, committed 512K, reserved 1048576K
}

